<?xml version="1.0" encoding="UTF-8"?>
<testng-results skipped="0" failed="0" total="1" passed="1">
  <reporter-output>
  </reporter-output>
  <suite name="Default suite" duration-ms="25791" started-at="2016-10-12T12:37:10Z" finished-at="2016-10-12T12:37:36Z">
    <groups>
    </groups>
    <test name="Default test" duration-ms="25791" started-at="2016-10-12T12:37:10Z" finished-at="2016-10-12T12:37:36Z">
      <class name="tests.OpenPagesSysAdmin">
        <test-method status="PASS" signature="setUp()[pri:0, instance:tests.OpenPagesSysAdmin@ae13544]" name="setUp" is-config="true" duration-ms="4343" started-at="2016-10-12T15:37:10Z" finished-at="2016-10-12T15:37:15Z">
          <reporter-output>
          </reporter-output>
        </test-method> <!-- setUp -->
        <test-method status="PASS" signature="CreateNewCampaign(java.lang.String, java.lang.String)[pri:0, instance:tests.OpenPagesSysAdmin@ae13544]" name="CreateNewCampaign" duration-ms="21432" started-at="2016-10-12T15:37:15Z" data-provider="Administrator" finished-at="2016-10-12T15:37:36Z">
          <params>
            <param index="0">
              <value>
                <![CDATA[msicb2]]>
              </value>
            </param>
            <param index="1">
              <value>
                <![CDATA[123456]]>
              </value>
            </param>
          </params>
          <reporter-output>
          </reporter-output>
        </test-method> <!-- CreateNewCampaign -->
        <test-method status="PASS" signature="ShutDown()[pri:0, instance:tests.OpenPagesSysAdmin@ae13544]" name="ShutDown" is-config="true" duration-ms="0" started-at="2016-10-12T15:37:36Z" finished-at="2016-10-12T15:37:36Z">
          <reporter-output>
          </reporter-output>
        </test-method> <!-- ShutDown -->
      </class> <!-- tests.OpenPagesSysAdmin -->
    </test> <!-- Default test -->
  </suite> <!-- Default suite -->
</testng-results>
